<?xml version="1.0" encoding="UTF-8"?>
<!-- Generated by org.testng.reporters.JUnitReportReporter -->
<testsuite hostname="LIN-5CD1262C0M" failures="0" tests="2" name="objRepo.ObjRepoTest" time="4.621" errors="0" timestamp="2024-05-21T10:11:49 IST" skipped="0">
  <testcase classname="objRepo.ObjRepoTest" name="getData" time="4.034"/>
  <testcase classname="objRepo.ObjRepoTest" name="addData" time="0.587"/>
</testsuite> <!-- objRepo.ObjRepoTest -->
