<?xml version="1.0" encoding="UTF-8"?>
<!-- Generated by org.testng.reporters.JUnitReportReporter -->
<testsuite hostname="LIN-5CD1262C0M" failures="0" tests="4" name="com.TestNG.GetUserListTest1" time="6.024" errors="0" timestamp="2024-05-21T10:17:30 IST" skipped="0">
  <testcase classname="com.TestNG.GetUserListTest1" name="getData" time="4.293"/>
  <testcase classname="com.TestNG.GetUserListTest1" name="addData" time="0.510"/>
  <testcase classname="com.TestNG.GetUserListTest1" name="addData" time="0.447"/>
  <testcase classname="com.TestNG.GetUserListTest1" name="addData" time="0.774"/>
</testsuite> <!-- com.TestNG.GetUserListTest1 -->
