<?xml version="1.0" encoding="UTF-8"?>
<!-- Generated by org.testng.reporters.JUnitReportReporter -->
<testsuite hostname="LIN-5CD1262C0M" failures="0" tests="1" name="restAssured.RestAssuredDemo.TestNg1" time="0.004" errors="0" timestamp="2024-05-17T15:04:56 IST" skipped="0">
  <testcase classname="restAssured.RestAssuredDemo.TestNg1" name="f" time="0.004"/>
</testsuite> <!-- restAssured.RestAssuredDemo.TestNg1 -->
