<?xml version="1.0" encoding="UTF-8"?>
<!-- Generated by org.testng.reporters.JUnitReportReporter -->
<testsuite hostname="LIN-5CD1262C0M" failures="0" tests="2" name="restAssured.RestAssuredDemo.ExcelDataGetTest1" time="3.358" errors="0" timestamp="2024-05-22T09:57:23 IST" skipped="0">
  <testcase classname="restAssured.RestAssuredDemo.ExcelDataGetTest1" name="getData" time="2.270"/>
  <testcase classname="restAssured.RestAssuredDemo.ExcelDataGetTest1" name="addData" time="1.088"/>
</testsuite> <!-- restAssured.RestAssuredDemo.ExcelDataGetTest1 -->
